[debug] > Exec(early(addDefaultCommands), None, None)
[debug] > Exec(addDefaultCommands, None, None)
[debug] > Exec(early(initialize), None, None)
[debug] > Exec(initialize, None, None)
[debug] > Exec(early(addPluginSbtFile="""C:\Users\mabba\AppData\Local\Temp\idea.sbt"""), None, None)
[debug] > Exec(addPluginSbtFile="""C:\Users\mabba\AppData\Local\Temp\idea.sbt""", None, None)
[debug] > Exec(boot, None, None)
[debug] > Exec(writeSbtVersion, None, None)
[debug] > Exec(reload, None, None)
[debug] > Exec(sbtStashOnFailure, None, None)
[debug] > Exec(onFailure loadFailed, None, None)
[debug] > Exec(loadp, None, None)
[info] welcome to sbt 1.7.2 (Oracle Corporation Java 17.0.5)
[debug]       Load.loadUnit: plugins took 516.2963ms
[debug]       Load.loadUnit: defsScala took 4.6732ms
[debug] [Loading] Scanning directory C:\Users\mabba\.sbt\1.0\plugins
[debug] [Loading] Found non-root projects 
[debug] [Loading] Done in C:\Users\mabba\.sbt\1.0\plugins, returning: ()
[debug] deducing auto plugins based on known facts Set(Atom(sbt.plugins.CorePlugin)) and clauses Clauses(Clause(Atom(sbt.plugins.JvmPlugin),Set(Atom(sbt.plugins.IvyPlugin)))
[debug] Clause(Atom(sbt.ScriptedPlugin),Set(Atom(sbt.plugins.JvmPlugin)))
[debug] Clause(Atom(sbt.plugins.SbtPlugin),Set(Atom(sbt.ScriptedPlugin)))
[debug] Clause(Atom(sbt.plugins.SemanticdbPlugin),Set(Atom(sbt.plugins.JvmPlugin)))
[debug] Clause(Atom(sbt.plugins.JUnitXmlReportPlugin),Set(Atom(sbt.plugins.JvmPlugin)))
[debug] Clause(Atom(sbt.plugins.MiniDependencyTreePlugin),Set(Atom(sbt.plugins.JvmPlugin)))
[debug] Clause(Atom(sbt.plugins.CorePlugin),Set(Atom(sbt.plugins.IvyPlugin)))
[debug] Clause(Atom(sbt.plugins.IvyPlugin),Set(Atom(sbt.plugins.JvmPlugin)))
[debug] Clause(Atom(sbt.plugins.JvmPlugin),Set(Atom(sbt.plugins.SemanticdbPlugin)))
[debug] Clause(Atom(sbt.plugins.JvmPlugin),Set(Atom(sbt.plugins.JUnitXmlReportPlugin)))
[debug] Clause(Atom(sbt.plugins.CorePlugin),Set(Atom(sbt.plugins.Giter8TemplatePlugin)))
[debug] Clause(Atom(sbt.plugins.JvmPlugin),Set(Atom(sbt.plugins.MiniDependencyTreePlugin))))
[debug]   :: deduced result: Matched(sbt.plugins.CorePlugin,sbt.plugins.Giter8TemplatePlugin,sbt.plugins.IvyPlugin,sbt.plugins.JvmPlugin,sbt.plugins.MiniDependencyTreePlugin,sbt.plugins.JUnitXmlReportPlugin,sbt.plugins.SemanticdbPlugin)
[debug] Plugins.deducer#function took 212.3702 ms
[debug]           Load.resolveProject(global-plugins) took 213.4448ms
[debug]         Load.loadTransitive: finalizeProject(Project(id global-plugins, base: C:\Users\mabba\.sbt\1.0\plugins, plugins: List(<none>))) took 771.9554ms
[debug] [Loading] Done in C:\Users\mabba\.sbt\1.0\plugins, returning: (global-plugins)
[debug]       Load.loadUnit: loadedProjectsRaw took 975.8837ms
[debug]       Load.loadUnit: cleanEvalClasses took 1.0394ms
[debug]     Load.loadUnit(file:/C:/Users/mabba/.sbt/1.0/plugins/, ...) took 1558.5707ms
[debug]   Load.apply: load took 2414.9636ms
[debug]   Load.apply: resolveProjects took 22.7468ms
[debug]   Load.apply: finalTransforms took 265.0599ms
[debug]   Load.apply: config.delegates took 37.8194ms
[debug]   Load.apply: Def.make(settings)... took 1980.765ms
[debug]   Load.apply: structureIndex took 393.0735ms
[debug]   Load.apply: mkStreams took 10.9026ms
[info] loading global plugins from C:\Users\mabba\.sbt\1.0\plugins
[debug] Running task... Cancel: Signal, check cycles: false, forcegc: true
[debug] Load.defaultLoad until apply took 10091.093ms
[debug]           Load.loadUnit: plugins took 84.3451ms
[debug]           Load.loadUnit: defsScala took 0.0079ms
[debug] [Loading] Scanning directory C:\Users\mabba\OneDrive\Desktop\intrlliJ_Proj\ScalaProject\progfun\project
[debug]             Load.loadUnit: mkEval took 21.4021ms
[debug] [Loading] Found non-root projects 
[debug] [Loading] Done in C:\Users\mabba\OneDrive\Desktop\intrlliJ_Proj\ScalaProject\progfun\project, returning: ()
[debug] deducing auto plugins based on known facts Set(Atom(sbt.plugins.CorePlugin)) and clauses Clauses(Clause(Atom(sbt.plugins.JvmPlugin),Set(Atom(sbt.plugins.IvyPlugin)))
[debug] Clause(Atom(sbt.ScriptedPlugin),Set(Atom(sbt.plugins.JvmPlugin)))
[debug] Clause(Atom(sbt.plugins.SbtPlugin),Set(Atom(sbt.ScriptedPlugin)))
[debug] Clause(Atom(sbt.plugins.SemanticdbPlugin),Set(Atom(sbt.plugins.JvmPlugin)))
[debug] Clause(Atom(sbt.plugins.JUnitXmlReportPlugin),Set(Atom(sbt.plugins.JvmPlugin)))
[debug] Clause(Atom(sbt.plugins.MiniDependencyTreePlugin),Set(Atom(sbt.plugins.JvmPlugin)))
[debug] Clause(Atom(sbt.plugins.CorePlugin),Set(Atom(sbt.plugins.IvyPlugin)))
[debug] Clause(Atom(sbt.plugins.IvyPlugin),Set(Atom(sbt.plugins.JvmPlugin)))
[debug] Clause(Atom(sbt.plugins.JvmPlugin),Set(Atom(sbt.plugins.SemanticdbPlugin)))
[debug] Clause(Atom(sbt.plugins.JvmPlugin),Set(Atom(sbt.plugins.JUnitXmlReportPlugin)))
[debug] Clause(Atom(sbt.plugins.CorePlugin),Set(Atom(sbt.plugins.Giter8TemplatePlugin)))
[debug] Clause(Atom(sbt.plugins.JvmPlugin),Set(Atom(sbt.plugins.MiniDependencyTreePlugin))))
[debug]   :: deduced result: Matched(sbt.plugins.CorePlugin,sbt.plugins.Giter8TemplatePlugin,sbt.plugins.IvyPlugin,sbt.plugins.JvmPlugin,sbt.plugins.MiniDependencyTreePlugin,sbt.plugins.JUnitXmlReportPlugin,sbt.plugins.SemanticdbPlugin)
[debug] Plugins.deducer#function took 3.3775 ms
[info] loading settings for project progfun-build from idea.sbt ...
[debug]               Load.resolveProject(progfun-build) took 14.944ms
[debug]             Load.loadTransitive: finalizeProject(Project(id progfun-build, base: C:\Users\mabba\OneDrive\Desktop\intrlliJ_Proj\ScalaProject\progfun\project, plugins: List(<none>))) took 19.1367ms
[debug] [Loading] Done in C:\Users\mabba\OneDrive\Desktop\intrlliJ_Proj\ScalaProject\progfun\project, returning: (progfun-build)
[debug]           Load.loadUnit: loadedProjectsRaw took 603.19ms
[debug]           Load.loadUnit: cleanEvalClasses took 31.1332ms
[debug]         Load.loadUnit(file:/C:/Users/mabba/OneDrive/Desktop/intrlliJ_Proj/ScalaProject/progfun/project/, ...) took 722.5748ms
[debug]       Load.apply: load took 726.1278ms
[debug]       Load.apply: resolveProjects took 0.1389ms
[debug]       Load.apply: finalTransforms took 17.3111ms
[debug]       Load.apply: config.delegates took 0.59ms
[debug]       Load.apply: Def.make(settings)... took 147.4333ms
[debug]       Load.apply: structureIndex took 66.4292ms
[debug]       Load.apply: mkStreams took 0.003ms
[info] loading project definition from C:\Users\mabba\OneDrive\Desktop\intrlliJ_Proj\ScalaProject\progfun\project
[debug] Running task... Cancel: Signal, check cycles: false, forcegc: true
[debug]     Load.loadUnit: plugins took 2489.6665ms
[debug]     Load.loadUnit: defsScala took 0.0077ms
[debug] [Loading] Scanning directory C:\Users\mabba\OneDrive\Desktop\intrlliJ_Proj\ScalaProject\progfun
[debug]       Load.loadUnit: mkEval took 0.6451ms
[debug] [Loading] Found root project root w/ remaining 
[debug] deducing auto plugins based on known facts Set(Atom(sbt.plugins.CorePlugin)) and clauses Clauses(Clause(Atom(sbt.plugins.JvmPlugin),Set(Atom(sbt.plugins.IvyPlugin)))
[debug] Clause(Atom(sbt.ScriptedPlugin),Set(Atom(sbt.plugins.JvmPlugin)))
[debug] Clause(Atom(sbt.plugins.SbtPlugin),Set(Atom(sbt.ScriptedPlugin)))
[debug] Clause(Atom(sbt.plugins.SemanticdbPlugin),Set(Atom(sbt.plugins.JvmPlugin)))
[debug] Clause(Atom(sbt.plugins.JUnitXmlReportPlugin),Set(Atom(sbt.plugins.JvmPlugin)))
[debug] Clause(Atom(sbt.plugins.MiniDependencyTreePlugin),Set(Atom(sbt.plugins.JvmPlugin)))
[debug] Clause(Atom(org.jetbrains.sbt.StructurePlugin),Set(Atom(sbt.plugins.JvmPlugin)))
[debug] Clause(Atom(org.jetbrains.sbt.IdeaShellPlugin),Set(Atom(sbt.plugins.JvmPlugin)))
[debug] Clause(Atom(org.jetbrains.sbt.indices.SbtIntellijIndicesPlugin),Set(Atom(sbt.plugins.JvmPlugin)))
[debug] Clause(Atom(sbt.plugins.CorePlugin),Set(Atom(sbt.plugins.IvyPlugin)))
[debug] Clause(Atom(sbt.plugins.IvyPlugin),Set(Atom(sbt.plugins.JvmPlugin)))
[debug] Clause(Atom(sbt.plugins.JvmPlugin),Set(Atom(sbt.plugins.SemanticdbPlugin)))
[debug] Clause(Atom(sbt.plugins.JvmPlugin),Set(Atom(sbt.plugins.JUnitXmlReportPlugin)))
[debug] Clause(Atom(sbt.plugins.CorePlugin),Set(Atom(sbt.plugins.Giter8TemplatePlugin)))
[debug] Clause(Atom(sbt.plugins.JvmPlugin),Set(Atom(sbt.plugins.MiniDependencyTreePlugin)))
[debug] Clause(Atom(sbt.plugins.JvmPlugin),Set(Atom(org.jetbrains.sbt.StructurePlugin)))
[debug] Clause(Atom(sbt.plugins.JvmPlugin),Set(Atom(org.jetbrains.sbt.IdeaShellPlugin)))
[debug] Clause(And(Set(Atom(sbt.plugins.CorePlugin), Atom(sbt.plugins.JvmPlugin))),Set(Atom(org.jetbrains.sbt.indices.SbtIntellijIndicesPlugin))))
[debug]   :: deduced result: Matched(sbt.plugins.CorePlugin,sbt.plugins.Giter8TemplatePlugin,sbt.plugins.IvyPlugin,sbt.plugins.JvmPlugin,sbt.plugins.SemanticdbPlugin,org.jetbrains.sbt.indices.SbtIntellijIndicesPlugin,sbt.plugins.JUnitXmlReportPlugin,org.jetbrains.sbt.IdeaShellPlugin,org.jetbrains.sbt.StructurePlugin,sbt.plugins.MiniDependencyTreePlugin)
[debug] Plugins.deducer#function took 5.1847 ms
[info] loading settings for project root from build.sbt ...
[debug]         Load.resolveProject(root) took 135.6162ms
[debug]       Load.loadTransitive: finalizeProject(Project(id root, base: C:\Users\mabba\OneDrive\Desktop\intrlliJ_Proj\ScalaProject\progfun, plugins: List(<none>))) took 145.09ms
[debug] [Loading] Done in C:\Users\mabba\OneDrive\Desktop\intrlliJ_Proj\ScalaProject\progfun, returning: (root)
[debug]     Load.loadUnit: loadedProjectsRaw took 339.1213ms
[debug]     Load.loadUnit: cleanEvalClasses took 44.6885ms
[debug]   Load.loadUnit(file:/C:/Users/mabba/OneDrive/Desktop/intrlliJ_Proj/ScalaProject/progfun/, ...) took 2876.9075ms
[debug] Load.apply: load took 2884.4334ms
[debug] Load.apply: resolveProjects took 0.3382ms
[debug] Load.apply: finalTransforms took 65.07ms
[debug] Load.apply: config.delegates took 0.608ms
[debug] Load.apply: Def.make(settings)... took 157.2431ms
[debug] Load.apply: structureIndex took 65.7144ms
[debug] Load.apply: mkStreams took 0.0028ms
[info] set current project to progfun (in build file:/C:/Users/mabba/OneDrive/Desktop/intrlliJ_Proj/ScalaProject/progfun/)
[debug] > Exec(sbtPopOnFailure, None, None)
[debug] > Exec(resumeFromFailure, None, None)
[debug] > Exec(notifyUsersAboutShell, None, None)
[debug] > Exec(iflast shell, None, None)
[debug] > Exec(; set ideaPort in Global := 55828 ; idea-shell, None, None)
[debug] > Exec(set ideaPort in Global := 55828, None, None)
[info] Defining Global / ideaPort
[info] The new value will be used by Compile / compile, Test / compile
[debug] Defining 
[debug] 	Global / ideaPort
[debug] 
[debug] The new value will be used by 
[debug] 	Compile / compile
[debug] 	Test / compile
[info] Reapplying settings...
[info] set current project to progfun (in build file:/C:/Users/mabba/OneDrive/Desktop/intrlliJ_Proj/ScalaProject/progfun/)
[debug] > Exec(idea-shell, None, None)
