2022.12.20 11:15:34 INFO  tracing is disabled for protocol LSP, to enable tracing of incoming and outgoing JSON messages create an empty file at c:\Users\mabba\OneDrive\Desktop\intrlliJ_Proj\ScalaProject\scala_fundamental\.metals\lsp.trace.json or C:\Users\mabba\AppData\Local\scalameta\metals\cache\lsp.trace.json
2022.12.20 11:15:38 INFO  logging to file C:\Users\mabba\OneDrive\Desktop\intrlliJ_Proj\ScalaProject\scala_fundamental\.metals\metals.log
2022.12.20 11:15:38 INFO  Started: Metals version 0.11.9 in workspace 'C:\Users\mabba\OneDrive\Desktop\intrlliJ_Proj\ScalaProject\scala_fundamental' for client Visual Studio Code 1.74.1.
2022.12.20 11:15:42 INFO  time: initialize in 4.39s
2022.12.20 11:15:46 WARN  Build server is not auto-connectable.
2022.12.20 11:15:55 INFO  no build target found for C:\Users\mabba\OneDrive\Desktop\intrlliJ_Proj\ScalaProject\scala_fundamental\src\main\scala\week02\SumProdScratch.sc. Using presentation compiler with project's scala-library version: 3.2.0
2022.12.20 11:16:00 INFO  time: code lens generation in 14s
2022.12.20 14:10:25 WARN  no build target for: C:\Users\mabba\OneDrive\Desktop\intrlliJ_Proj\ScalaProject\scala_fundamental\src\main\scala\week03\Hello.scala
2022.12.20 14:10:29 WARN  no build target for: C:\Users\mabba\OneDrive\Desktop\intrlliJ_Proj\ScalaProject\scala_fundamental\src\main\scala\week03\IntSet.scala
2022.12.20 14:11:26 WARN  no build target for: C:\Users\mabba\OneDrive\Desktop\intrlliJ_Proj\ScalaProject\scala_fundamental\src\main\scala\week03\List.scala
2022.12.20 14:11:44 WARN  no build target for: C:\Users\mabba\OneDrive\Desktop\intrlliJ_Proj\ScalaProject\scala_fundamental\src\main\scala\week03\Rational.scala
2022.12.20 14:12:04 WARN  no build target for: C:\Users\mabba\OneDrive\Desktop\intrlliJ_Proj\ScalaProject\scala_fundamental\src\main\scala\week03\Hello.scala
2022.12.20 14:12:05 WARN  no build target for: C:\Users\mabba\OneDrive\Desktop\intrlliJ_Proj\ScalaProject\scala_fundamental\src\main\scala\week03\IntSet.scala
2022.12.20 14:12:08 WARN  no build target for: C:\Users\mabba\OneDrive\Desktop\intrlliJ_Proj\ScalaProject\scala_fundamental\src\main\scala\week03\List.scala
2022.12.20 14:12:09 WARN  no build target for: C:\Users\mabba\OneDrive\Desktop\intrlliJ_Proj\ScalaProject\scala_fundamental\src\main\scala\week03\Rational.scala
2022.12.20 14:12:29 WARN  no build target for: C:\Users\mabba\OneDrive\Desktop\intrlliJ_Proj\ScalaProject\scala_fundamental\src\main\scala\3-abstractClass\Rational.scala
2022.12.20 14:12:54 WARN  no build target for: C:\Users\mabba\OneDrive\Desktop\intrlliJ_Proj\ScalaProject\scala_fundamental\src\main\scala\week04\Expr.scala
2022.12.20 14:13:04 WARN  no build target for: C:\Users\mabba\OneDrive\Desktop\intrlliJ_Proj\ScalaProject\scala_fundamental\src\main\scala\week04\List.scala
2022.12.20 14:13:17 WARN  no build target for: C:\Users\mabba\OneDrive\Desktop\intrlliJ_Proj\ScalaProject\scala_fundamental\src\main\scala\3-abstractClass\List.scala
2022.12.20 14:13:21 WARN  no build target for: C:\Users\mabba\OneDrive\Desktop\intrlliJ_Proj\ScalaProject\scala_fundamental\src\main\scala\week04\List.scala
2022.12.20 14:13:44 WARN  no build target for: C:\Users\mabba\OneDrive\Desktop\intrlliJ_Proj\ScalaProject\scala_fundamental\src\main\scala\3-abstractClass\Rational.scala
2022.12.20 14:13:53 WARN  no build target for: C:\Users\mabba\OneDrive\Desktop\intrlliJ_Proj\ScalaProject\scala_fundamental\src\main\scala\3-abstractClass\List.scala
2022.12.20 14:14:02 WARN  no build target for: C:\Users\mabba\OneDrive\Desktop\intrlliJ_Proj\ScalaProject\scala_fundamental\src\main\scala\3-abstractClass\List.scala
2022.12.20 14:14:09 WARN  no build target for: C:\Users\mabba\OneDrive\Desktop\intrlliJ_Proj\ScalaProject\scala_fundamental\src\main\scala\week04\List.scala
2022.12.20 14:14:25 WARN  no build target for: C:\Users\mabba\OneDrive\Desktop\intrlliJ_Proj\ScalaProject\scala_fundamental\src\main\scala\3-abstractClass\List.scala
2022.12.20 14:14:36 WARN  no build target for: C:\Users\mabba\OneDrive\Desktop\intrlliJ_Proj\ScalaProject\scala_fundamental\src\main\scala\3-abstractClass\Rational.scala
2022.12.20 14:14:39 WARN  no build target for: C:\Users\mabba\OneDrive\Desktop\intrlliJ_Proj\ScalaProject\scala_fundamental\src\main\scala\3-abstractClass\List.scala
2022.12.20 14:15:01 WARN  no build target for: C:\Users\mabba\OneDrive\Desktop\intrlliJ_Proj\ScalaProject\scala_fundamental\src\main\scala\3-abstractClass-Package\List.scala
2022.12.20 14:15:03 WARN  no build target for: C:\Users\mabba\OneDrive\Desktop\intrlliJ_Proj\ScalaProject\scala_fundamental\src\main\scala\3-abstractClass-Package\Hello.scala
2022.12.20 14:15:21 WARN  no build target for: C:\Users\mabba\OneDrive\Desktop\intrlliJ_Proj\ScalaProject\scala_fundamental\src\main\scala\3-abstractClass-Package\Hello.scala
2022.12.20 14:15:23 WARN  no build target for: C:\Users\mabba\OneDrive\Desktop\intrlliJ_Proj\ScalaProject\scala_fundamental\src\main\scala\3-abstractClass-Package\IntSet.scala
2022.12.20 14:16:08 WARN  no build target for: C:\Users\mabba\OneDrive\Desktop\intrlliJ_Proj\ScalaProject\scala_fundamental\src\main\scala\3-Class-Abstract-Package\Hello.scala
2022.12.20 14:16:25 WARN  no build target for: C:\Users\mabba\OneDrive\Desktop\intrlliJ_Proj\ScalaProject\scala_fundamental\src\main\scala\week04\Expr.scala
2022.12.20 14:22:01 INFO  shutting down Metals
2022.12.20 14:22:01 WARN  Error requesting Scala script importorg.eclipse.lsp4j.jsonrpc.ResponseErrorException: Request window/showMessageRequest failed with message: Canceled
	at org.eclipse.lsp4j.jsonrpc.RemoteEndpoint.handleResponse(RemoteEndpoint.java:209)
	at org.eclipse.lsp4j.jsonrpc.RemoteEndpoint.consume(RemoteEndpoint.java:193)
	at org.eclipse.lsp4j.jsonrpc.json.StreamMessageProducer.handleMessage(StreamMessageProducer.java:194)
	at org.eclipse.lsp4j.jsonrpc.json.StreamMessageProducer.listen(StreamMessageProducer.java:94)
	at org.eclipse.lsp4j.jsonrpc.json.ConcurrentMessageProcessor.run(ConcurrentMessageProcessor.java:113)
	at java.util.concurrent.Executors$RunnableAdapter.call(Executors.java:539)
	at java.util.concurrent.FutureTask.run(FutureTask.java:264)
	at java.util.concurrent.ThreadPoolExecutor.runWorker(ThreadPoolExecutor.java:1136)
	at java.util.concurrent.ThreadPoolExecutor$Worker.run(ThreadPoolExecutor.java:635)
	at java.lang.Thread.run(Thread.java:833)

2022.12.20 14:22:01 ERROR Unexpected error initializing serverorg.eclipse.lsp4j.jsonrpc.ResponseErrorException: Request window/showMessageRequest failed with message: Canceled
	at org.eclipse.lsp4j.jsonrpc.RemoteEndpoint.handleResponse(RemoteEndpoint.java:209)
	at org.eclipse.lsp4j.jsonrpc.RemoteEndpoint.consume(RemoteEndpoint.java:193)
	at org.eclipse.lsp4j.jsonrpc.json.StreamMessageProducer.handleMessage(StreamMessageProducer.java:194)
	at org.eclipse.lsp4j.jsonrpc.json.StreamMessageProducer.listen(StreamMessageProducer.java:94)
	at org.eclipse.lsp4j.jsonrpc.json.ConcurrentMessageProcessor.run(ConcurrentMessageProcessor.java:113)
	at java.util.concurrent.Executors$RunnableAdapter.call(Executors.java:539)
	at java.util.concurrent.FutureTask.run(FutureTask.java:264)
	at java.util.concurrent.ThreadPoolExecutor.runWorker(ThreadPoolExecutor.java:1136)
	at java.util.concurrent.ThreadPoolExecutor$Worker.run(ThreadPoolExecutor.java:635)
	at java.lang.Thread.run(Thread.java:833)

